Traceback (most recent call last):
  File "/usr/local/lib/python3.10/dist-packages/jupyter_cache/executors/utils.py", line 58, in single_nb_execution
    executenb(
  File "/usr/local/lib/python3.10/dist-packages/nbclient/client.py", line 1305, in execute
    return NotebookClient(nb=nb, resources=resources, km=km, **kwargs).execute()
  File "/usr/local/lib/python3.10/dist-packages/jupyter_core/utils/__init__.py", line 166, in wrapped
    return loop.run_until_complete(inner)
  File "/usr/lib/python3.10/asyncio/base_events.py", line 649, in run_until_complete
    return future.result()
  File "/usr/local/lib/python3.10/dist-packages/nbclient/client.py", line 705, in async_execute
    await self.async_execute_cell(
  File "/usr/local/lib/python3.10/dist-packages/nbclient/client.py", line 1058, in async_execute_cell
    await self._check_raise_for_error(cell, cell_index, exec_reply)
  File "/usr/local/lib/python3.10/dist-packages/nbclient/client.py", line 914, in _check_raise_for_error
    raise CellExecutionError.from_cell_and_msg(cell, exec_reply_content)
nbclient.exceptions.CellExecutionError: An error occurred while executing the following cell:
------------------
from Sastrawi.Stemmer.StemmerFactory import StemmerFactory

# create stemmer
factory = StemmerFactory()
stemmer = factory.create_stemmer()

#membuat list
steaming = []
#membuat perulangan untuk mengecek steaming di setiap baris
for i in range (len(slang_words)):
  stem = stemmer.stem(slang_words[i])
  steaming.append(stem)

#menampilka data steaming
data_steaming = pd.DataFrame(steaming, columns=["Steaming"])
data_steaming
------------------


[0;31m[0m
[0;31mNameError[0mTraceback (most recent call last)
[0;32m<ipython-input-10-a4992cdfb97b>[0m in [0;36m<cell line: 10>[0;34m()[0m
[1;32m      8[0m [0msteaming[0m [0;34m=[0m [0;34m[[0m[0;34m][0m[0;34m[0m[0;34m[0m[0m
[1;32m      9[0m [0;31m#membuat perulangan untuk mengecek steaming di setiap baris[0m[0;34m[0m[0;34m[0m[0m
[0;32m---> 10[0;31m [0;32mfor[0m [0mi[0m [0;32min[0m [0mrange[0m [0;34m([0m[0mlen[0m[0;34m([0m[0mslang_words[0m[0;34m)[0m[0;34m)[0m[0;34m:[0m[0;34m[0m[0;34m[0m[0m
[0m[1;32m     11[0m   [0mstem[0m [0;34m=[0m [0mstemmer[0m[0;34m.[0m[0mstem[0m[0;34m([0m[0mslang_words[0m[0;34m[[0m[0mi[0m[0;34m][0m[0;34m)[0m[0;34m[0m[0;34m[0m[0m
[1;32m     12[0m   [0msteaming[0m[0;34m.[0m[0mappend[0m[0;34m([0m[0mstem[0m[0;34m)[0m[0;34m[0m[0;34m[0m[0m

[0;31mNameError[0m: name 'slang_words' is not defined

